2026/03/18 22:20:21 Run: 2026-03-18-22-20-21  with 1 workers
2026/03/18 22:20:21 START RUNNING
2026/03/18 22:20:21 START : bleve
2026/03/19 00:01:06 FINISH: bleve
2026/03/19 00:31:06 START : bosun
2026/03/19 00:40:27 FINISH: bosun
2026/03/19 01:10:27 START : caddy
2026/03/19 03:05:31 FINISH: caddy
2026/03/19 03:35:31 START : dns
2026/03/19 04:37:57 FINISH: dns
2026/03/19 05:07:57 START : etcd
2026/03/19 05:13:31 FINISH: etcd
2026/03/19 05:43:31 START : fabiolb
2026/03/19 05:43:36 FINISH: fabiolb
2026/03/19 06:13:36 START : flannel
2026/03/19 06:17:44 FINISH: flannel
2026/03/19 06:47:44 START : frp
2026/03/19 06:49:14 FINISH: frp
2026/03/19 07:19:14 START : gin
2026/03/19 08:55:59 FINISH: gin
2026/03/19 09:25:59 START : go-ethereum
